# JRE version: OpenJDK Runtime Environment Temurin-17.0.2+8 (17.0.2+8) (build 17.0.2+8)
# Java VM: OpenJDK 64-Bit Server VM Temurin-17.0.2+8 (17.0.2+8, mixed mode, emulated-client, tiered, compressed oops, compressed class ptrs, g1 gc, windows-amd64)
GC Precious Log:
 CPUs: 8 total, 8 available
 Memory: 7986M
 Large Page Support: Disabled
 NUMA Support: Disabled
 Compressed Oops: Enabled (32-bit)
 Heap Region Size: 1M
 Heap Min Capacity: 8M
 Heap Initial Capacity: 126M
 Heap Max Capacity: 1998M
 Pre-touch: Disabled
 Parallel Workers: 8
 Concurrent Workers: 2
 Concurrent Refinement Workers: 8
 Periodic GC: Disabled
Heap:
 garbage-first heap   total 41984K, used 17545K [0x0000000083200000, 0x0000000100000000)
  region size 1024K, 1 young (1024K), 1 survivors (1024K)
 Metaspace       used 40053K, committed 40448K, reserved 1089536K
  class space    used 5140K, committed 5312K, reserved 1048576K
GC Heap History (20 events):
Event: 2.014 GC heap after
{Heap after GC invocations=3 (full 0):
 garbage-first heap   total 129024K, used 8952K [0x0000000083200000, 0x0000000100000000)
  region size 1024K, 2 young (2048K), 2 survivors (2048K)
 Metaspace       used 21233K, committed 21504K, reserved 1073152K
  class space    used 2476K, committed 2624K, reserved 1048576K
}
Event: 2.309 GC heap before
{Heap before GC invocations=4 (full 0):
 garbage-first heap   total 34816K, used 26360K [0x0000000083200000, 0x0000000100000000)
  region size 1024K, 20 young (20480K), 2 survivors (2048K)
 Metaspace       used 24873K, committed 25152K, reserved 1073152K
  class space    used 3073K, committed 3200K, reserved 1048576K
}
Event: 2.314 GC heap after
{Heap after GC invocations=5 (full 0):
 garbage-first heap   total 34816K, used 9844K [0x0000000083200000, 0x0000000100000000)
  region size 1024K, 3 young (3072K), 3 survivors (3072K)
 Metaspace       used 24873K, committed 25152K, reserved 1073152K
  class space    used 3073K, committed 3200K, reserved 1048576K
}
Event: 2.598 GC heap before
{Heap before GC invocations=5 (full 0):
 garbage-first heap   total 34816K, used 23156K [0x0000000083200000, 0x0000000100000000)
  region size 1024K, 17 young (17408K), 3 survivors (3072K)
 Metaspace       used 28035K, committed 28352K, reserved 1081344K
  class space    used 3434K, committed 3584K, reserved 1048576K
}
Event: 2.601 GC heap after
{Heap after GC invocations=6 (full 0):
 garbage-first heap   total 34816K, used 10498K [0x0000000083200000, 0x0000000100000000)
  region size 1024K, 3 young (3072K), 3 survivors (3072K)
 Metaspace       used 28035K, committed 28352K, reserved 1081344K
  class space    used 3434K, committed 3584K, reserved 1048576K
}
Event: 2.968 GC heap before
{Heap before GC invocations=6 (full 0):
 garbage-first heap   total 34816K, used 23810K [0x0000000083200000, 0x0000000100000000)
  region size 1024K, 17 young (17408K), 3 survivors (3072K)
 Metaspace       used 30193K, committed 30528K, reserved 1081344K
  class space    used 3741K, committed 3904K, reserved 1048576K
}
Event: 2.972 GC heap after
{Heap after GC invocations=7 (full 0):
 garbage-first heap   total 34816K, used 11436K [0x0000000083200000, 0x0000000100000000)
  region size 1024K, 2 young (2048K), 2 survivors (2048K)
 Metaspace       used 30193K, committed 30528K, reserved 1081344K
  class space    used 3741K, committed 3904K, reserved 1048576K
}
Event: 3.306 GC heap before
{Heap before GC invocations=7 (full 0):
 garbage-first heap   total 34816K, used 24748K [0x0000000083200000, 0x0000000100000000)
  region size 1024K, 16 young (16384K), 2 survivors (2048K)
 Metaspace       used 31157K, committed 31552K, reserved 1081344K
  class space    used 3903K, committed 4096K, reserved 1048576K
}
Event: 3.309 GC heap after
{Heap after GC invocations=8 (full 0):
 garbage-first heap   total 34816K, used 12518K [0x0000000083200000, 0x0000000100000000)
  region size 1024K, 2 young (2048K), 2 survivors (2048K)
 Metaspace       used 31157K, committed 31552K, reserved 1081344K
  class space    used 3903K, committed 4096K, reserved 1048576K
}
Event: 3.619 GC heap before
{Heap before GC invocations=8 (full 0):
 garbage-first heap   total 34816K, used 25830K [0x0000000083200000, 0x0000000100000000)
  region size 1024K, 15 young (15360K), 2 survivors (2048K)
 Metaspace       used 32620K, committed 32960K, reserved 1081344K
  class space    used 4132K, committed 4288K, reserved 1048576K
}
Event: 3.622 GC heap after
{Heap after GC invocations=9 (full 0):
 garbage-first heap   total 34816K, used 13440K [0x0000000083200000, 0x0000000100000000)
  region size 1024K, 2 young (2048K), 2 survivors (2048K)
 Metaspace       used 32620K, committed 32960K, reserved 1081344K
  class space    used 4132K, committed 4288K, reserved 1048576K
}
Event: 3.917 GC heap before
{Heap before GC invocations=9 (full 0):
 garbage-first heap   total 34816K, used 25728K [0x0000000083200000, 0x0000000100000000)
  region size 1024K, 14 young (14336K), 2 survivors (2048K)
 Metaspace       used 34298K, committed 34688K, reserved 1081344K
  class space    used 4381K, committed 4544K, reserved 1048576K
}
Event: 3.920 GC heap after
{Heap after GC invocations=10 (full 0):
 garbage-first heap   total 41984K, used 14080K [0x0000000083200000, 0x0000000100000000)
  region size 1024K, 2 young (2048K), 2 survivors (2048K)
 Metaspace       used 34298K, committed 34688K, reserved 1081344K
  class space    used 4381K, committed 4544K, reserved 1048576K
}
Event: 4.131 GC heap before
{Heap before GC invocations=10 (full 0):
 garbage-first heap   total 41984K, used 23296K [0x0000000083200000, 0x0000000100000000)
  region size 1024K, 12 young (12288K), 2 survivors (2048K)
 Metaspace       used 35825K, committed 36160K, reserved 1081344K
  class space    used 4613K, committed 4800K, reserved 1048576K
}
Event: 4.135 GC heap after
{Heap after GC invocations=11 (full 0):
 garbage-first heap   total 41984K, used 15286K [0x0000000083200000, 0x0000000100000000)
  region size 1024K, 3 young (3072K), 3 survivors (3072K)
 Metaspace       used 35825K, committed 36160K, reserved 1081344K
  class space    used 4613K, committed 4800K, reserved 1048576K
}
Event: 4.533 GC heap before
{Heap before GC invocations=12 (full 0):
 garbage-first heap   total 41984K, used 30646K [0x0000000083200000, 0x0000000100000000)
  region size 1024K, 18 young (18432K), 3 survivors (3072K)
 Metaspace       used 38025K, committed 38400K, reserved 1089536K
  class space    used 4919K, committed 5120K, reserved 1048576K
}
Event: 4.539 GC heap after
{Heap after GC invocations=13 (full 0):
 garbage-first heap   total 41984K, used 17021K [0x0000000083200000, 0x0000000100000000)
  region size 1024K, 3 young (3072K), 3 survivors (3072K)
 Metaspace       used 38025K, committed 38400K, reserved 1089536K
  class space    used 4919K, committed 5120K, reserved 1048576K
}
Event: 4.565 GC heap before
{Heap before GC invocations=13 (full 0):
 garbage-first heap   total 41984K, used 18045K [0x0000000083200000, 0x0000000100000000)
  region size 1024K, 4 young (4096K), 3 survivors (3072K)
 Metaspace       used 38025K, committed 38400K, reserved 1089536K
  class space    used 4919K, committed 5120K, reserved 1048576K
}
Event: 4.570 GC heap after
{Heap after GC invocations=14 (full 0):
 garbage-first heap   total 41984K, used 16870K [0x0000000083200000, 0x0000000100000000)
  region size 1024K, 1 young (1024K), 1 survivors (1024K)
 Metaspace       used 38025K, committed 38400K, reserved 1089536K
  class space    used 4919K, committed 5120K, reserved 1048576K
}
Event: 4.917 GC heap before
{Heap before GC invocations=14 (full 0):
 garbage-first heap   total 41984K, used 31206K [0x0000000083200000, 0x0000000100000000)
  region size 1024K, 15 young (15360K), 1 survivors (1024K)
 Metaspace       used 40053K, committed 40448K, reserved 1089536K
  class space    used 5140K, committed 5312K, reserved 1048576K
}

